<?xml version="1.0" encoding="UTF-8"?>
<!-- Generated by org.testng.reporters.JUnitXMLReporter -->
<testsuite hostname="SWAPNILKAMBLE" ignored="1" name="Default test" tests="1" failures="0" timestamp="28 May 2020 06:55:55 GMT" time="23.844" errors="0">
  <testcase name="createContactTest" time="2.088" classname="com.qa.hubspot.tests.ContactPageTest"/>
  <testcase name="verifyContactsPageTitleTest" time="0.0" classname="com.qa.hubspot.tests.ContactPageTest">
    <ignored/>
  </testcase> <!-- verifyContactsPageTitleTest -->
</testsuite> <!-- Default test -->
