<?xml version="1.0" encoding="UTF-8"?>
<!-- Generated by org.testng.reporters.JUnitXMLReporter -->
<testsuite hostname="SWAPNILKAMBLE" ignored="0" name="login page test" tests="3" failures="0" timestamp="03 Jun 2020 17:12:12 GMT" time="11.496" errors="0">
  <testcase name="verifyPageTitleTest" time="5.435" classname="com.qa.hubspot.tests.LoginPageTest"/>
  <testcase name="verifySignUpLinkTest" time="0.126" classname="com.qa.hubspot.tests.LoginPageTest"/>
  <testcase name="loginTest" time="0.586" classname="com.qa.hubspot.tests.LoginPageTest"/>
</testsuite> <!-- login page test -->
